<?xml version="1.0" encoding="UTF-8"?>
<!-- Generated by org.testng.reporters.JUnitReportReporter -->
<testsuite hostname="DESKTOP-N1728FJ" failures="0" tests="1" name="test.LoginTest" time="14.081" errors="0" timestamp="2024-01-31T14:23:53 EST" skipped="0">
  <testcase classname="test.LoginTest" name="validUserShouldBeAbleToLogin" time="14.081"/>
</testsuite> <!-- test.LoginTest -->
